
# 1.3.1. Перейдите в домашний каталог, создайте файл $USER_part3.log. Используемые в разделе 3 команды дописывайте в файл командой echo, не забудьте про экранирование.

eltex-pg2-v15@eltex-17:27> script -aq $USER_part3.log 

# 1.3.2. Создайте иерархию вложенных каталогов D1/D2/D3.

eltex-pg2-v15@eltex-17:27> mkdir -p D1/D2/D3 
eltex-pg2-v15@eltex-17:28> ls -R D1
D1:
D2

D1/D2: 
D3 

D1/D2/D3:

# 1.3.3. В каталоге D2 создайте обычный пустой файл file.txt.

eltex-pg2-v15@eltex-17:29> cd D1/D2
eltex-pg2-v15@eltex-17:29> touch file.txt

# 1.3.4. Добавьте произвольный текст в файл file.txt.
eltex-pg2-v15@eltex-17:29> nano file.txt
eltex-pg2-v15@eltex-17:30> cd D3
eltex-pg2-v15@eltex-17:30> ln -s ../D2/file.txt symbolic_link_to_file.txt

# 1.3.5. В каталоге D3 создайте символическую и жесткие ссылки на file.txt.

eltex-pg2-v15@eltex-17:35> ln -s /file.txt symbolic_link_to_file.txt 
eltex-pg2-v15@eltex-17:36> ln ../file.txt hard_link_to_file.txt 
eltex-pg2-v15@eltex-17:36> ls -al
total 12
drwxr-xr-x 2 eltex-pg2-v15 eltex-pg2-v15 4096 Mar 24 17:36 . 
drwxr-xr-x 3 eltex-pg2-v15 eltex-pg2-v15 4096 Mar 24 17:30 .. 
-rw-r--r-- 2 eltex-pg2-v15 eltex-pg2-v15   19 Mar 24 17:30 hard_link_to_file.txt 
lrwxrwxrwx 1 eltex-pg2-v15 eltex-pg2-v15   11 Mar 24 17:36 symbolic_link_to_file.txt -> ../file.txt

# 1.3.6. Переместите файл file.txt в каталог D1.

eltex-pg2-v15@eltex-17:37> mv file.txt /home/eltex-pg2-v15/D1/

# 1.3.7. Проверьте работу ранее созданных ссылок на файл file.txt. Какая ссылка оказалась рабочей и почему?

eltex-pg2-v15@eltex-17:39> cat symbolic_link_to_file.txt 
cat: symbolic_link_to_file.txt: No such file or directory
# не рабочая, т.к ссылка только на расположение на диске!  
eltex-pg2-v15@eltex-17:39> cat hard_link_to_file.txt
memories and other

# 1.3.8. Удалите каталог D2 со всем содержимым.

eltex-pg2-v15@eltex-17:42> rm -rf D2

# 1.3.9. Найдите все файлы в системе размером больше 50МБ. Убедитесь в том, что найденные файлы имеют нужный размер. Запишите в файл $USER_part3_gt50M.log список найденных файлов.
eltex-pg2-v15@eltex-17:45> find / -type f -size +50M > "${USER}_part3_gt50M.log"	

# 1.3.10. В домашнем каталоге и его подкаталогах найдите обычные файлы, которые были изменены в течение последних 24х часов.

eltex-pg2-v15@eltex-17:48> find ~/ -type f -mtime -1
/home/eltex-pg2-v15/cat.txt
/home/eltex-pg2-v15/.log
/home/eltex-pg2-v15/D1/file.txt
/home/eltex-pg2-v15/D1/eltex-pg2-v15_part3_gt50M.log
/home/eltex-pg2-v15/.bash_history
/home/eltex-pg2-v15/.bashrc

# 1.3.11. В каком каталоге находится команда find?

eltex-pg2-v15@eltex-17:48> which find
/usr/bin/find

# 1.3.12. Определите характер содержимого файла find командой file.

eltex-pg2-v15@eltex-17:51> file $(which find)
/usr/bin/find: ELF 64-bit LSB pie executable, x86-64, version 1 (SYSV), dynamically linked, interpreter /lib64/ld-linux-x86-64.so.2, BuildID[sha1]=a3d37f2334b3b8a9170a6f2e9793af325b200320, for GNU/Linux 3.2.0, stripped

# 1.3.13. Установите, к какому типу относятся файлы /boot/initrd.img*.

eltex-pg2-v15@eltex-17:51> file /boot/initrd.img-$ (uname -r) 
/boot/initrd.img-6.1.0-31-amd64: ASCII cpio archive (SVR4 with no CRC) 
