# 1.2.2. С помощью механизма дополнения имен команд выведите все команды, которые начинаются на «ls».
# Прописать ls и нажать дважды клавишу TAB

eltex-pg2-v15@eltex:~$ ls
1s lsb_release lsinitramfs lslocks 1smod 1spci
1sattr 1scpu 1sipc lslogins 1sns 1susb 
lsblk lsfd lsirq 1smem 1sof

# 1.2.3. С помощью механизма дополнения имен переменных выведите все переменные, которые начинаются с «HIST».

eltex-pg2-v15@eltex:~$ $HIST
$HISTCMD $HISTCONTROL $HISTFILE $HISTFILESIZE $HISTSIZE

# 1.2.4. Узнайте, сколько команд может храниться в файле истории.

# Из файла .bashrc узнаем, что
# HISTSIZE=1000
# HOSTFILESIZE=2000

# 1.2.5.Выведите имена файлов и каталогов из домашнего каталога, которые начинаются с «.».

eltex-pg2-v15@eltex:~$ ls -a ~/ | grep '^\.'
.bash_history .bash_logout
.bashrc
.config .local
.profile
.ssh

# 1.2.6. Настройте вывод даты выполнения команд, хранящихся в истории.

eltex-pg2-v15@eltex:~$ export HISTTIMEFORMAT='&F &T 
eltex-pg2-v15@eltex:~$ history

1 2025-03-24 16:58:30 ls
2 2025-03-24 16:58:30 htop
3 2025-03-24 16:58:30 top
4 2025-03-24 16:58:30 mc
5 2025-03-24 16:58:30,c 
6 2025-03-24 16:58:30 mc 
7 2025-03-24 16:58:30 apt 
8 2025-03-24 16:58:30 sudo apt
9 2025-03-24 16:58:30 apt install htop 
10 2025-03-24 16:58:30 clear
11 2025-03-24 16:58:30 screen
12 2025-03-24 16:58:30 screen -ls
13 2025-03-24 16:58:30 screen -S windowl
14 2025-03-24 16:58:30 screen
15 2025-03-24 16:58:30 screen
16 2025-03-24 16:58:30 screen -S windowl

# 1.2.7. Настройте автоматическое сохранение набираемых команд в файле истории:
#        + введите любую команду, например, команду date;
#	     + проверьте, есть ли эта команда в кэше и файле истории команд;
#	     + определить переменную PROMPT_COMMAND так, чтобы кэш истории сохранялся в файле истории;
#	     + ввести любую команду и проверить, появилась ли эта команда в кэше и файле истории.

eltex-pg2-v15@eltex:~$ date
eltex-pg2-v15@eltex:~$ history
eltex-pg2-v15@eltex:~$ cat .bash_history
eltex-pg2-v15@eltex:~$ PROMPT_COMMAND='history -a'
eltex-pg2-v15@eltex:~$ source .bashrc 

# 1.2.8. Создайте переменную DATE, в которую запишите текущую дату. Проверьте содержимое переменной.

eltex-pg2-v15@eltex:~$ DATE=240325
eltex-pg2-v15@eltex:~$ echo $DATE
240325

# 1.2.9. Создайте переменную TIME, в которую запишите текущее время. Проверьте содержимое переменной.

eltex-pg2-v15@eltex:~$ TIME=1711
eltex-pg2-v15@eltex:~$ echo $TIME
1711

# Более удобным методом будет
# DATE=$(date +%F)  # Текущая дата в формате ГГГГ-ММ-ДД
# TIME=$(date +%T)  # Текущее время в формате ЧЧ:ММ:СС

# 1.2.10. Создайте переменную DATE_TIME в которую поместите значения из переменных DATE и 
TIME, разделенных пробелом. Проверьте содержимое переменной.

eltex-pg2-v15@eltex:~$ DATE_TIME="$DATE $TIME"
eltex-pg2-v15@eltex:~$ echo $DATE_TIME
240325 1711

# 1.2.11. Выведите имена файлов, содержащие хотя бы одну цифру, из каталогов /bin и /sbin.

eltex-pg2-v15@eltex:~$ ls /bin /sbin | grep '[0-9]'
addr2line
b2sum
base32
base64
bunzip2
bzip2
bzip2revocer
c89
c89-gcc
c99

# 1.2.12. Измените приглашение так, чтобы выводились имя хоста, имя пользователя и время: имя_пользователя@имя_хоста-HH:MM>  (Используйте переменные bash и команду date)

eltex-pg2-v15@eltex:~$ export PS1="\u@\h-\$(date +%H:%M)> "

# 1.2.13. Сделайте так, чтобы в запускаемом интерпретаторе bash выводилось приглашение, установленное в родительском интерпретаторе bash.

---- ---- ----

# 1.2.14.	Одной командной строкой создайте в домашнем каталоге подкаталоги для каждого месяца текущего года вида YYYY-MM(год реализуйте с помощью команды date и командной подстановки).

eltex-pg2-v15@eltex:~$ mkdir -p ~/$(date +"%Y")-{01..12}
eltex-pg2-v15@eltex:~$ ls
2025-01   2025-03   2025-05   2025-07   2025-09   2025-11
2025-02   2025-04   2025-06   2025-08   2025-10   2025-12


